[2024-03-17T20:01:18.522+0000][0.057s] Using G1
[2024-03-17T20:01:18.613+0000][0.148s] Version: 17.0.10+7 (release)
[2024-03-17T20:01:18.613+0000][0.148s] CPUs: 8 total, 8 available
[2024-03-17T20:01:18.613+0000][0.149s] Memory: 7893M
[2024-03-17T20:01:18.614+0000][0.149s] Large Page Support: Disabled
[2024-03-17T20:01:18.614+0000][0.149s] NUMA Support: Disabled
[2024-03-17T20:01:18.614+0000][0.149s] Compressed Oops: Enabled (32-bit)
[2024-03-17T20:01:18.614+0000][0.149s] Heap Region Size: 1M
[2024-03-17T20:01:18.614+0000][0.149s] Heap Min Capacity: 512M
[2024-03-17T20:01:18.615+0000][0.150s] Heap Initial Capacity: 512M
[2024-03-17T20:01:18.615+0000][0.150s] Heap Max Capacity: 512M
[2024-03-17T20:01:18.615+0000][0.150s] Pre-touch: Enabled
[2024-03-17T20:01:18.615+0000][0.150s] Parallel Workers: 8
[2024-03-17T20:01:18.615+0000][0.150s] Concurrent Workers: 2
[2024-03-17T20:01:18.616+0000][0.151s] Concurrent Refinement Workers: 8
[2024-03-17T20:01:18.616+0000][0.151s] Periodic GC: Disabled
[2024-03-17T20:01:18.623+0000][0.158s] CDS archive(s) mapped at: [0x00007fae03000000-0x00007fae03a5f000-0x00007fae03a5f000), size 10874880, SharedBaseAddress: 0x00007fae03000000, ArchiveRelocationMode: 1.
[2024-03-17T20:01:18.623+0000][0.158s] Compressed class space mapped at: 0x00007fae04000000-0x00007fae44000000, reserved size: 1073741824
[2024-03-17T20:01:18.624+0000][0.159s] Narrow klass base: 0x00007fae03000000, Narrow klass shift: 0, Narrow klass range: 0x100000000
[2024-03-17T20:01:19.673+0000][1.208s] GC(0) Pause Young (Normal) (G1 Evacuation Pause)
[2024-03-17T20:01:19.673+0000][1.208s] GC(0) Using 8 workers of 8 for evacuation
[2024-03-17T20:01:19.677+0000][1.212s] GC(0)   Pre Evacuate Collection Set: 0.2ms
[2024-03-17T20:01:19.678+0000][1.213s] GC(0)   Merge Heap Roots: 0.2ms
[2024-03-17T20:01:19.678+0000][1.213s] GC(0)   Evacuate Collection Set: 3.0ms
[2024-03-17T20:01:19.678+0000][1.213s] GC(0)   Post Evacuate Collection Set: 0.9ms
[2024-03-17T20:01:19.678+0000][1.213s] GC(0)   Other: 0.5ms
[2024-03-17T20:01:19.678+0000][1.213s] GC(0) Eden regions: 29->0(58)
[2024-03-17T20:01:19.679+0000][1.214s] GC(0) Survivor regions: 0->4(4)
[2024-03-17T20:01:19.679+0000][1.214s] GC(0) Old regions: 0->1
[2024-03-17T20:01:19.679+0000][1.214s] GC(0) Archive regions: 2->2
[2024-03-17T20:01:19.679+0000][1.214s] GC(0) Humongous regions: 0->0
[2024-03-17T20:01:19.679+0000][1.214s] GC(0) Metaspace: 9886K(10112K)->9886K(10112K) NonClass: 8667K(8768K)->8667K(8768K) Class: 1218K(1344K)->1218K(1344K)
[2024-03-17T20:01:19.679+0000][1.214s] GC(0) Pause Young (Normal) (G1 Evacuation Pause) 29M->5M(512M) 6.771ms
[2024-03-17T20:01:19.680+0000][1.215s] GC(0) User=0.02s Sys=0.01s Real=0.01s
[2024-03-17T20:01:20.417+0000][1.952s] GC(1) Pause Young (Normal) (G1 Evacuation Pause)
[2024-03-17T20:01:20.417+0000][1.952s] GC(1) Using 8 workers of 8 for evacuation
[2024-03-17T20:01:20.426+0000][1.961s] GC(1)   Pre Evacuate Collection Set: 0.2ms
[2024-03-17T20:01:20.427+0000][1.962s] GC(1)   Merge Heap Roots: 0.1ms
[2024-03-17T20:01:20.427+0000][1.962s] GC(1)   Evacuate Collection Set: 7.6ms
[2024-03-17T20:01:20.427+0000][1.962s] GC(1)   Post Evacuate Collection Set: 1.1ms
[2024-03-17T20:01:20.427+0000][1.962s] GC(1)   Other: 0.6ms
[2024-03-17T20:01:20.427+0000][1.962s] GC(1) Eden regions: 56->0(101)
[2024-03-17T20:01:20.427+0000][1.962s] GC(1) Survivor regions: 4->8(8)
[2024-03-17T20:01:20.427+0000][1.962s] GC(1) Old regions: 1->9
[2024-03-17T20:01:20.428+0000][1.963s] GC(1) Archive regions: 2->2
[2024-03-17T20:01:20.428+0000][1.963s] GC(1) Humongous regions: 4->4
[2024-03-17T20:01:20.428+0000][1.963s] GC(1) Metaspace: 17938K(18240K)->17938K(18240K) NonClass: 15722K(15936K)->15722K(15936K) Class: 2215K(2304K)->2215K(2304K)
[2024-03-17T20:01:20.428+0000][1.963s] GC(1) Pause Young (Normal) (G1 Evacuation Pause) 65M->21M(512M) 11.405ms
[2024-03-17T20:01:20.428+0000][1.963s] GC(1) User=0.07s Sys=0.00s Real=0.01s
[2024-03-17T20:01:20.758+0000][2.293s] GC(2) Pause Young (Concurrent Start) (Metadata GC Threshold)
[2024-03-17T20:01:20.758+0000][2.293s] GC(2) Using 8 workers of 8 for evacuation
[2024-03-17T20:01:20.764+0000][2.299s] GC(2)   Pre Evacuate Collection Set: 0.3ms
[2024-03-17T20:01:20.764+0000][2.299s] GC(2)   Merge Heap Roots: 0.2ms
[2024-03-17T20:01:20.764+0000][2.300s] GC(2)   Evacuate Collection Set: 3.9ms
[2024-03-17T20:01:20.765+0000][2.300s] GC(2)   Post Evacuate Collection Set: 0.8ms
[2024-03-17T20:01:20.765+0000][2.300s] GC(2)   Other: 0.7ms
[2024-03-17T20:01:20.765+0000][2.300s] GC(2) Eden regions: 31->0(95)
[2024-03-17T20:01:20.765+0000][2.300s] GC(2) Survivor regions: 8->8(12)
[2024-03-17T20:01:20.765+0000][2.300s] GC(2) Old regions: 9->12
[2024-03-17T20:01:20.766+0000][2.301s] GC(2) Archive regions: 2->2
[2024-03-17T20:01:20.766+0000][2.301s] GC(2) Humongous regions: 4->4
[2024-03-17T20:01:20.766+0000][2.301s] GC(2) Metaspace: 21149K(21504K)->21149K(21504K) NonClass: 18536K(18688K)->18536K(18688K) Class: 2613K(2816K)->2613K(2816K)
[2024-03-17T20:01:20.766+0000][2.301s] GC(2) Pause Young (Concurrent Start) (Metadata GC Threshold) 52M->23M(512M) 7.971ms
[2024-03-17T20:01:20.766+0000][2.301s] GC(2) User=0.01s Sys=0.02s Real=0.01s
[2024-03-17T20:01:20.766+0000][2.301s] GC(3) Concurrent Mark Cycle
[2024-03-17T20:01:20.767+0000][2.302s] GC(3) Concurrent Clear Claimed Marks
[2024-03-17T20:01:20.767+0000][2.302s] GC(3) Concurrent Clear Claimed Marks 0.247ms
[2024-03-17T20:01:20.767+0000][2.302s] GC(3) Concurrent Scan Root Regions
[2024-03-17T20:01:20.770+0000][2.306s] GC(3) Concurrent Scan Root Regions 3.404ms
[2024-03-17T20:01:20.771+0000][2.306s] GC(3) Concurrent Mark
[2024-03-17T20:01:20.771+0000][2.306s] GC(3) Concurrent Mark From Roots
[2024-03-17T20:01:20.771+0000][2.306s] GC(3) Using 2 workers of 2 for marking
[2024-03-17T20:01:20.782+0000][2.318s] GC(3) Concurrent Mark From Roots 11.518ms
[2024-03-17T20:01:20.783+0000][2.318s] GC(3) Concurrent Preclean
[2024-03-17T20:01:20.783+0000][2.318s] GC(3) Concurrent Preclean 0.348ms
[2024-03-17T20:01:20.784+0000][2.319s] GC(3) Pause Remark
[2024-03-17T20:01:20.786+0000][2.321s] GC(3) Pause Remark 25M->25M(512M) 2.752ms
[2024-03-17T20:01:20.787+0000][2.322s] GC(3) User=0.02s Sys=0.00s Real=0.00s
[2024-03-17T20:01:20.787+0000][2.322s] GC(3) Concurrent Mark 16.346ms
[2024-03-17T20:01:20.787+0000][2.322s] GC(3) Concurrent Rebuild Remembered Sets
[2024-03-17T20:01:20.794+0000][2.329s] GC(3) Concurrent Rebuild Remembered Sets 6.143ms
[2024-03-17T20:01:20.794+0000][2.329s] GC(3) Pause Cleanup
[2024-03-17T20:01:20.795+0000][2.330s] GC(3) Pause Cleanup 25M->25M(512M) 0.558ms
[2024-03-17T20:01:20.795+0000][2.330s] GC(3) User=0.00s Sys=0.00s Real=0.00s
[2024-03-17T20:01:20.795+0000][2.330s] GC(3) Concurrent Cleanup for Next Mark
[2024-03-17T20:01:20.796+0000][2.331s] GC(3) Concurrent Cleanup for Next Mark 0.704ms
[2024-03-17T20:01:20.797+0000][2.332s] GC(3) Concurrent Mark Cycle 30.219ms
[2024-03-17T20:01:22.383+0000][3.918s] GC(4) Pause Young (Prepare Mixed) (G1 Evacuation Pause)
[2024-03-17T20:01:22.383+0000][3.918s] GC(4) Using 8 workers of 8 for evacuation
[2024-03-17T20:01:22.390+0000][3.925s] GC(4)   Pre Evacuate Collection Set: 0.2ms
[2024-03-17T20:01:22.390+0000][3.925s] GC(4)   Merge Heap Roots: 0.1ms
[2024-03-17T20:01:22.390+0000][3.925s] GC(4)   Evacuate Collection Set: 4.7ms
[2024-03-17T20:01:22.391+0000][3.926s] GC(4)   Post Evacuate Collection Set: 1.2ms
[2024-03-17T20:01:22.391+0000][3.926s] GC(4)   Other: 0.4ms
[2024-03-17T20:01:22.391+0000][3.926s] GC(4) Eden regions: 103->0(12)
[2024-03-17T20:01:22.391+0000][3.926s] GC(4) Survivor regions: 8->13(14)
[2024-03-17T20:01:22.391+0000][3.926s] GC(4) Old regions: 12->12
[2024-03-17T20:01:22.391+0000][3.927s] GC(4) Archive regions: 2->2
[2024-03-17T20:01:22.392+0000][3.927s] GC(4) Humongous regions: 4->4
[2024-03-17T20:01:22.392+0000][3.927s] GC(4) Metaspace: 34673K(35072K)->34673K(35072K) NonClass: 30322K(30528K)->30322K(30528K) Class: 4351K(4544K)->4351K(4544K)
[2024-03-17T20:01:22.392+0000][3.927s] GC(4) Pause Young (Prepare Mixed) (G1 Evacuation Pause) 126M->29M(512M) 8.793ms
[2024-03-17T20:01:22.392+0000][3.927s] GC(4) User=0.04s Sys=0.00s Real=0.00s
[2024-03-17T20:01:22.590+0000][4.125s] GC(5) Pause Young (Mixed) (GCLocker Initiated GC)
[2024-03-17T20:01:22.590+0000][4.125s] GC(5) Using 8 workers of 8 for evacuation
[2024-03-17T20:01:22.598+0000][4.133s] GC(5)   Pre Evacuate Collection Set: 0.2ms
[2024-03-17T20:01:22.598+0000][4.133s] GC(5)   Merge Heap Roots: 0.2ms
[2024-03-17T20:01:22.598+0000][4.133s] GC(5)   Evacuate Collection Set: 6.2ms
[2024-03-17T20:01:22.599+0000][4.134s] GC(5)   Post Evacuate Collection Set: 0.9ms
[2024-03-17T20:01:22.599+0000][4.134s] GC(5)   Other: 0.7ms
[2024-03-17T20:01:22.599+0000][4.134s] GC(5) Eden regions: 12->0(305)
[2024-03-17T20:01:22.599+0000][4.134s] GC(5) Survivor regions: 13->2(4)
[2024-03-17T20:01:22.599+0000][4.134s] GC(5) Old regions: 12->24
[2024-03-17T20:01:22.599+0000][4.135s] GC(5) Archive regions: 2->2
[2024-03-17T20:01:22.600+0000][4.135s] GC(5) Humongous regions: 4->4
[2024-03-17T20:01:22.600+0000][4.135s] GC(5) Metaspace: 35715K(36160K)->35715K(36160K) NonClass: 31229K(31424K)->31229K(31424K) Class: 4486K(4736K)->4486K(4736K)
[2024-03-17T20:01:22.600+0000][4.135s] GC(5) Pause Young (Mixed) (GCLocker Initiated GC) 41M->30M(512M) 10.440ms
[2024-03-17T20:01:22.600+0000][4.135s] GC(5) User=0.05s Sys=0.00s Real=0.01s
[2024-03-17T20:01:22.606+0000][4.141s] GC(6) Pause Young (Concurrent Start) (Metadata GC Threshold)
[2024-03-17T20:01:22.607+0000][4.142s] GC(6) Using 8 workers of 8 for evacuation
[2024-03-17T20:01:22.609+0000][4.144s] GC(6)   Pre Evacuate Collection Set: 0.2ms
[2024-03-17T20:01:22.609+0000][4.144s] GC(6)   Merge Heap Roots: 0.1ms
[2024-03-17T20:01:22.610+0000][4.145s] GC(6)   Evacuate Collection Set: 1.1ms
[2024-03-17T20:01:22.610+0000][4.145s] GC(6)   Post Evacuate Collection Set: 0.6ms
[2024-03-17T20:01:22.610+0000][4.145s] GC(6)   Other: 0.7ms
[2024-03-17T20:01:22.610+0000][4.145s] GC(6) Eden regions: 1->0(306)
[2024-03-17T20:01:22.611+0000][4.146s] GC(6) Survivor regions: 2->1(39)
[2024-03-17T20:01:22.611+0000][4.146s] GC(6) Old regions: 24->24
[2024-03-17T20:01:22.611+0000][4.146s] GC(6) Archive regions: 2->2
[2024-03-17T20:01:22.611+0000][4.146s] GC(6) Humongous regions: 4->4
[2024-03-17T20:01:22.611+0000][4.147s] GC(6) Metaspace: 35911K(36288K)->35911K(36288K) NonClass: 31409K(31552K)->31409K(31552K) Class: 4502K(4736K)->4502K(4736K)
[2024-03-17T20:01:22.612+0000][4.147s] GC(6) Pause Young (Concurrent Start) (Metadata GC Threshold) 31M->29M(512M) 5.434ms
[2024-03-17T20:01:22.612+0000][4.147s] GC(6) User=0.01s Sys=0.00s Real=0.00s
[2024-03-17T20:01:22.612+0000][4.147s] GC(7) Concurrent Mark Cycle
[2024-03-17T20:01:22.612+0000][4.147s] GC(7) Concurrent Clear Claimed Marks
[2024-03-17T20:01:22.613+0000][4.148s] GC(7) Concurrent Clear Claimed Marks 0.278ms
[2024-03-17T20:01:22.613+0000][4.148s] GC(7) Concurrent Scan Root Regions
[2024-03-17T20:01:22.614+0000][4.149s] GC(7) Concurrent Scan Root Regions 1.154ms
[2024-03-17T20:01:22.614+0000][4.149s] GC(7) Concurrent Mark
[2024-03-17T20:01:22.614+0000][4.150s] GC(7) Concurrent Mark From Roots
[2024-03-17T20:01:22.615+0000][4.150s] GC(7) Using 2 workers of 2 for marking
[2024-03-17T20:01:22.644+0000][4.179s] GC(7) Concurrent Mark From Roots 29.469ms
[2024-03-17T20:01:22.644+0000][4.179s] GC(7) Concurrent Preclean
[2024-03-17T20:01:22.645+0000][4.180s] GC(7) Concurrent Preclean 0.698ms
[2024-03-17T20:01:22.646+0000][4.181s] GC(7) Pause Remark
[2024-03-17T20:01:22.649+0000][4.184s] GC(7) Pause Remark 33M->33M(512M) 3.128ms
[2024-03-17T20:01:22.649+0000][4.184s] GC(7) User=0.01s Sys=0.00s Real=0.00s
[2024-03-17T20:01:22.650+0000][4.185s] GC(7) Concurrent Mark 35.498ms
[2024-03-17T20:01:22.650+0000][4.185s] GC(7) Concurrent Rebuild Remembered Sets
[2024-03-17T20:01:22.667+0000][4.202s] GC(7) Concurrent Rebuild Remembered Sets 16.991ms
[2024-03-17T20:01:22.667+0000][4.203s] GC(7) Pause Cleanup
[2024-03-17T20:01:22.668+0000][4.203s] GC(7) Pause Cleanup 34M->34M(512M) 0.670ms
[2024-03-17T20:01:22.668+0000][4.203s] GC(7) User=0.01s Sys=0.00s Real=0.00s
[2024-03-17T20:01:22.669+0000][4.204s] GC(7) Concurrent Cleanup for Next Mark
[2024-03-17T20:01:22.670+0000][4.205s] GC(7) Concurrent Cleanup for Next Mark 1.139ms
[2024-03-17T20:01:22.670+0000][4.205s] GC(7) Concurrent Mark Cycle 58.025ms
[2024-03-17T20:01:59.290+0000][40.826s] Heap
[2024-03-17T20:01:59.291+0000][40.826s]  garbage-first heap   total 524288K, used 335428K [0x00000000e0000000, 0x0000000100000000)
[2024-03-17T20:01:59.291+0000][40.826s]   region size 1024K, 299 young (306176K), 1 survivors (1024K)
[2024-03-17T20:01:59.291+0000][40.826s]  Metaspace       used 55294K, committed 55872K, reserved 1114112K
[2024-03-17T20:01:59.291+0000][40.826s]   class space    used 7198K, committed 7488K, reserved 1048576K
